<?xml version="1.0" encoding="UTF-8"?>
<config>
<!-- 	<site>synth-site0</site> -->
<!-- 	<site>synth-site1</site> -->
	<site>synth-site2</site>
</config>
